<?xml version="1.0" encoding="UTF-8"?>
<!-- Generated by org.testng.reporters.JUnitReportReporter -->
<testsuite skipped="0" hostname="DEEP-1808222042" name="com.test.ng.TestLoginFail" tests="1" failures="0" timestamp="30 五月 2019 16:00:01 GMT" time="47.167" errors="0">
  <testcase name="testLoginfail" time="47.167" classname="com.test.ng.TestLoginFail"/>
</testsuite> <!-- com.test.ng.TestLoginFail -->
