<?xml version="1.0" encoding="UTF-8"?>
<!-- Generated by org.testng.reporters.JUnitReportReporter -->
<testsuite skipped="1" hostname="DEEP-1808222042" name="com.test.ng.CreateAndSendMail" tests="2" failures="0" timestamp="30 五月 2019 14:48:35 GMT" time="80.182" errors="0">
  <testcase name="createMail" time="25.654" classname="com.test.ng.CreateAndSendMail"/>
  <testcase name="createMail" time="54.528" classname="com.test.ng.CreateAndSendMail">
    <skipped/>
  </testcase> <!-- createMail -->
</testsuite> <!-- com.test.ng.CreateAndSendMail -->
