<?xml version="1.0" encoding="UTF-8"?>
<!-- Generated by org.testng.reporters.JUnitReportReporter -->
<testsuite skipped="0" hostname="DEEP-1808222042" name="com.test.ng.CreateAndSendMail" tests="1" failures="0" timestamp="30 五月 2019 16:00:01 GMT" time="37.973" errors="0">
  <testcase name="createMail" time="37.973" classname="com.test.ng.CreateAndSendMail"/>
</testsuite> <!-- com.test.ng.CreateAndSendMail -->
