<?xml version="1.0" encoding="UTF-8"?>
<!-- Generated by org.testng.reporters.JUnitReportReporter -->
<testsuite skipped="0" hostname="DEEP-1808222042" name="com.test.ng.DownloadTest" tests="1" failures="0" timestamp="18 六月 2019 10:44:29 GMT" time="12.167" errors="0">
  <testcase name="testOne" time="12.167" classname="com.test.ng.DownloadTest"/>
</testsuite> <!-- com.test.ng.DownloadTest -->
