<?xml version="1.0" encoding="UTF-8"?>
<!-- Generated by org.testng.reporters.JUnitReportReporter -->
<testsuite skipped="0" hostname="DEEP-1808222042" name="com.test.ng.TestLoginFail" tests="1" failures="0" timestamp="18 六月 2019 10:44:29 GMT" time="20.128" errors="0">
  <testcase name="testLoginfail" time="20.128" classname="com.test.ng.TestLoginFail"/>
</testsuite> <!-- com.test.ng.TestLoginFail -->
