<?xml version="1.0" encoding="UTF-8"?>
<!-- Generated by org.testng.reporters.JUnitReportReporter -->
<testsuite skipped="3" hostname="DEEP-1808222042" name="com.test.ng.CreateAndSendMail" tests="4" failures="0" timestamp="18 六月 2019 10:44:29 GMT" time="209.991" errors="0">
  <testcase name="createMail" time="23.685" classname="com.test.ng.CreateAndSendMail"/>
  <testcase name="createMail" time="60.783" classname="com.test.ng.CreateAndSendMail">
    <skipped/>
  </testcase> <!-- createMail -->
  <testcase name="createMail" time="63.748" classname="com.test.ng.CreateAndSendMail">
    <skipped/>
  </testcase> <!-- createMail -->
  <testcase name="createMail" time="61.775" classname="com.test.ng.CreateAndSendMail">
    <skipped/>
  </testcase> <!-- createMail -->
</testsuite> <!-- com.test.ng.CreateAndSendMail -->
