<?xml version="1.0" encoding="UTF-8"?>
<!-- Generated by org.testng.reporters.JUnitReportReporter -->
<testsuite skipped="0" hostname="DEEP-1808222042" name="com.test.ng.TestLoginFail" tests="1" failures="0" timestamp="30 五月 2019 14:48:35 GMT" time="85.105" errors="0">
  <testcase name="testLoginfail" time="85.105" classname="com.test.ng.TestLoginFail"/>
</testsuite> <!-- com.test.ng.TestLoginFail -->
