<?xml version="1.0" encoding="UTF-8"?>
<!-- Generated by org.testng.reporters.JUnitReportReporter -->
<testsuite skipped="0" hostname="DEEP-1808222042" name="com.test.ng.CreateAndSendMail" tests="1" failures="0" timestamp="31 五月 2019 12:46:22 GMT" time="25.732" errors="0">
  <testcase name="createMail" time="25.732" classname="com.test.ng.CreateAndSendMail"/>
</testsuite> <!-- com.test.ng.CreateAndSendMail -->
