<?xml version="1.0" encoding="UTF-8"?>
<!-- Generated by org.testng.reporters.JUnitReportReporter -->
<testsuite skipped="3" hostname="DEEP-1808222042" name="com.test.ng.DeleteMail" tests="4" failures="0" timestamp="30 五月 2019 16:00:01 GMT" time="120.714" errors="1">
  <testcase name="deleteMail" time="31.053" classname="com.test.ng.DeleteMail">
    <skipped/>
  </testcase> <!-- deleteMail -->
  <testcase name="deleteMail" time="15.870" classname="com.test.ng.DeleteMail">
    <error type="java.lang.IndexOutOfBoundsException" message="Index: 1, Size: 1">
      <![CDATA[java.lang.IndexOutOfBoundsException: Index: 1, Size: 1
at java.util.ArrayList.rangeCheck(ArrayList.java:653)
at java.util.ArrayList.get(ArrayList.java:429)
at com.test.ng.DeleteMail.deleteMail(DeleteMail.java:65)
at sun.reflect.NativeMethodAccessorImpl.invoke0(Native Method)
at sun.reflect.NativeMethodAccessorImpl.invoke(NativeMethodAccessorImpl.java:62)
at sun.reflect.DelegatingMethodAccessorImpl.invoke(DelegatingMethodAccessorImpl.java:43)
at java.lang.reflect.Method.invoke(Method.java:498)
at org.testng.internal.MethodInvocationHelper.invokeMethod(MethodInvocationHelper.java:124)
at org.testng.internal.Invoker.invokeMethod(Invoker.java:583)
at org.testng.internal.Invoker.retryFailed(Invoker.java:839)
at org.testng.internal.Invoker.invokeTestMethods(Invoker.java:1010)
at org.testng.internal.TestMethodWorker.invokeTestMethods(TestMethodWorker.java:125)
at org.testng.internal.TestMethodWorker.run(TestMethodWorker.java:109)
at java.util.concurrent.ThreadPoolExecutor.runWorker(ThreadPoolExecutor.java:1142)
at java.util.concurrent.ThreadPoolExecutor$Worker.run(ThreadPoolExecutor.java:617)
at java.lang.Thread.run(Thread.java:745)
]]>
    </error>
  </testcase> <!-- deleteMail -->
  <testcase name="deleteMail" time="49.222" classname="com.test.ng.DeleteMail">
    <skipped/>
  </testcase> <!-- deleteMail -->
  <testcase name="deleteMail" time="24.569" classname="com.test.ng.DeleteMail">
    <skipped/>
  </testcase> <!-- deleteMail -->
</testsuite> <!-- com.test.ng.DeleteMail -->
