<?xml version="1.0" encoding="UTF-8"?>
<!-- Generated by org.testng.reporters.JUnitReportReporter -->
<testsuite skipped="0" hostname="DEEP-1808222042" name="com.test.ng.LoginTestNG" tests="1" failures="0" timestamp="30 五月 2019 14:48:35 GMT" time="55.045" errors="0">
  <testcase name="login" time="55.045" classname="com.test.ng.LoginTestNG"/>
</testsuite> <!-- com.test.ng.LoginTestNG -->
